<?xml version="1.0" encoding="UTF-8"?>
<!-- Generated by org.testng.reporters.JUnitReportReporter -->
<testsuite hostname="LAPTOP-PGPBS0AG" failures="0" tests="1" name="Day3.postRequestStore" time="2.659" errors="0" timestamp="2024-03-20T15:59:13 IST" skipped="0">
  <testcase classname="Day3.postRequestStore" name="addOrder" time="2.659"/>
  <system-out/>
</testsuite> <!-- Day3.postRequestStore -->
