<?xml version="1.0" encoding="UTF-8"?>
<!-- Generated by org.testng.reporters.JUnitReportReporter -->
<testsuite hostname="LAPTOP-PGPBS0AG" failures="0" tests="1" name="Day2.byUsingPathURL" time="1.663" errors="0" timestamp="2024-03-14T17:42:23 IST" skipped="0">
  <testcase classname="Day2.byUsingPathURL" name="verifyByPathQueryParameter" time="1.663"/>
  <system-out/>
</testsuite> <!-- Day2.byUsingPathURL -->
