<?xml version="1.0" encoding="UTF-8"?>
<!-- Generated by org.testng.reporters.JUnitReportReporter -->
<testsuite hostname="LAPTOP-PGPBS0AG" failures="0" tests="1" name="Day2.methodsOfPost" time="2.242" errors="0" timestamp="2024-03-13T20:37:33 IST" skipped="0">
  <testcase classname="Day2.methodsOfPost" name="postAPIusingJSONobject" time="2.242"/>
  <system-out/>
</testsuite> <!-- Day2.methodsOfPost -->
