<?xml version="1.0" encoding="UTF-8"?>
<!-- Generated by org.testng.reporters.JUnitReportReporter -->
<testsuite hostname="LAPTOP-PGPBS0AG" failures="0" tests="1" name="Day2.CookiesTesting" time="1.307" errors="0" timestamp="2024-03-14T18:53:50 IST" skipped="0">
  <testcase classname="Day2.CookiesTesting" name="getCookies" time="1.307"/>
  <system-out/>
</testsuite> <!-- Day2.CookiesTesting -->
