<?xml version="1.0" encoding="UTF-8"?>
<!-- Generated by org.testng.reporters.JUnitReportReporter -->
<testsuite hostname="LAPTOP-PGPBS0AG" failures="0" tests="3" name="HTTPrequests" time="3.079" errors="0" timestamp="2024-03-13T17:55:07 IST" skipped="0">
  <testcase classname="HTTPrequests" name="createUser" time="2.300"/>
  <system-out/>
  <testcase classname="HTTPrequests" name="updateUser" time="0.391"/>
  <system-out/>
  <testcase classname="HTTPrequests" name="deletUser" time="0.388"/>
  <system-out/>
</testsuite> <!-- HTTPrequests -->
