<?xml version="1.0" encoding="UTF-8"?>
<!-- Generated by org.testng.reporters.JUnitReportReporter -->
<testsuite hostname="LAPTOP-PGPBS0AG" failures="0" tests="1" name="Day3.deleteRequest" time="1.070" errors="0" timestamp="2024-03-20T15:59:13 IST" skipped="0">
  <testcase classname="Day3.deleteRequest" name="deletRecords" time="1.070"/>
  <system-out/>
</testsuite> <!-- Day3.deleteRequest -->
