<?xml version="1.0" encoding="UTF-8"?>
<!-- Generated by org.testng.reporters.JUnitReportReporter -->
<testsuite hostname="LAPTOP-PGPBS0AG" failures="0" tests="2" name="Day2.HeaderDemo" time="1.711" errors="0" timestamp="2024-03-14T19:11:54 IST" skipped="0">
  <testcase classname="Day2.HeaderDemo" name="getHeaders" time="1.400"/>
  <system-out/>
  <testcase classname="Day2.HeaderDemo" name="testHeader" time="0.311"/>
  <system-out/>
</testsuite> <!-- Day2.HeaderDemo -->
