<?xml version="1.0" encoding="UTF-8"?>
<!-- Generated by org.testng.reporters.JUnitReportReporter -->
<testsuite hostname="LAPTOP-PGPBS0AG" failures="0" tests="1" name="Day3.getRequest" time="1.156" errors="0" timestamp="2024-03-20T15:59:13 IST" skipped="0">
  <testcase classname="Day3.getRequest" name="getRecord" time="1.156"/>
  <system-out/>
</testsuite> <!-- Day3.getRequest -->
